00:00:00:000;2,0,0
00:00:01:000;2,60,0
00:00:02:000;2,120,0
00:00:03:000;2,180,0
00:00:04:000;2,240,0
00:00:05:000;2,300,0
00:00:06:000;2,360,0
00:00:07:000;2,420,0
00:00:08:000;2,480,0
00:00:09:000;2,540,0
00:00:10:000;2,600,0
00:00:11:000;2,660,0
00:00:12:000;2,720,0
00:00:13:000;2,780,0
00:00:14:000;2,840,0
00:00:15:000;2,900,0
00:00:16:000;2,960,0
00:00:17:000;2,1020,0
00:00:18:000;2,1080,0
00:00:19:000;2,1140,0
00:00:20:000;2,1200,0
00:00:21:000;2,1260,0
00:00:22:000;2,1320,0
00:00:23:000;2,1380,0
00:00:24:000;2,1440,0
00:00:25:000;2,1500,0
00:00:26:000;2,1560,0
00:00:27:000;2,1620,0
00:00:28:000;2,1680,0
00:00:29:000;2,1740,0
00:00:30:000;2,1800,0
00:00:31:000;2,1860,0
00:00:32:000;2,1920,0
00:00:33:000;2,1980,0
00:00:34:000;2,2040,0
00:00:35:000;2,2100,0
00:00:36:000;2,2160,0
00:00:37:000;2,2220,0
00:00:38:000;2,2280,0
00:00:39:000;2,2340,0
00:00:40:000;2,2400,0
00:00:41:000;2,2460,0
00:00:42:000;2,2520,0
00:00:43:000;2,2580,0
00:00:44:000;2,2640,0
00:00:45:000;2,2700,0
00:00:46:000;2,2760,0
00:00:47:000;2,2820,0
00:00:48:000;2,2880,0
00:00:49:000;2,2940,0
00:00:50:000;2,3000,0
00:00:51:000;2,3060,0
00:00:52:000;2,3120,0
00:00:53:000;2,3180,0
00:00:54:000;2,3240,0
00:00:55:000;2,3300,0
00:00:56:000;2,3360,0
00:00:57:000;2,3420,0
00:00:58:000;2,3480,0
00:00:59:000;2,3540,0
00:01:00:000;2,3600,0
00:01:01:000;2,3660,0
00:01:02:000;2,3720,0
00:01:03:000;2,3780,0
00:01:04:000;2,3840,0
00:01:05:000;2,3900,0
00:01:06:000;2,3960,0
00:01:07:000;2,4020,0
00:01:08:000;2,4080,0
00:01:09:000;2,4140,0
00:01:10:000;2,4200,0
00:01:11:000;2,4260,0
00:01:12:000;2,4320,0
00:01:13:000;2,4380,0
00:01:14:000;2,4440,0
00:01:15:000;2,4500,0
00:01:16:000;2,4560,0
00:01:17:000;2,4620,0
00:01:18:000;2,4680,0
00:01:19:000;2,4740,0
00:01:20:000;2,4800,0
00:01:21:000;2,4860,0
00:01:22:000;2,4920,0
00:01:23:000;2,4980,0
00:01:24:000;2,5040,0
00:01:25:000;2,5100,0
00:01:26:000;2,5160,0
00:01:27:000;2,5220,0
00:01:28:000;2,5280,0
00:01:29:000;2,5340,0
00:01:30:000;2,5400,0
00:01:31:000;2,5460,0
00:01:32:000;2,5520,0
00:01:33:000;2,5580,0
00:01:34:000;2,5640,0
00:01:35:000;2,5700,0
00:01:36:000;2,5760,0
00:01:37:000;2,5820,0
00:01:38:000;2,5880,0
00:01:39:000;2,5940,0
00:01:40:000;2,6000,0
00:01:41:000;2,6060,0
00:01:42:000;2,6120,0
00:01:43:000;2,6180,0
00:01:44:000;2,6240,0
00:01:45:000;2,6300,0
00:01:46:000;2,6360,0
00:01:47:000;2,6420,0
00:01:48:000;2,6480,0
00:01:49:000;2,6540,0
00:01:50:000;2,6600,0
00:01:51:000;2,6660,0
00:01:52:000;2,6720,0
00:01:53:000;2,6780,0
00:01:54:000;2,6840,0
00:01:55:000;2,6900,0
00:01:56:000;2,6960,0
00:01:57:000;2,7020,0
00:01:58:000;2,7080,0
00:01:59:000;2,7140,0
00:02:00:000;2,7200,0
00:02:01:000;2,7260,0
00:02:02:000;2,7320,0
00:02:03:000;2,7380,0
00:02:04:000;2,7440,0
00:02:05:000;2,7500,0
00:02:06:000;2,7560,0
00:02:07:000;2,7620,0
00:02:08:000;2,7680,0
00:02:09:000;2,7740,0
00:02:10:000;2,7800,0
00:02:11:000;2,7860,0
00:02:12:000;2,7920,0
00:02:13:000;2,7980,0
00:02:14:000;2,8040,0
00:02:15:000;2,8100,0
00:02:16:000;2,8160,0
00:02:17:000;2,8220,0
00:02:18:000;2,8280,0
00:02:19:000;2,8340,0
00:02:20:000;2,8400,0
00:02:21:000;2,8460,0
00:02:22:000;2,8520,0
00:02:23:000;2,8580,0
00:02:24:000;2,8640,0
00:02:25:000;2,8700,0
00:02:26:000;2,8760,0
00:02:27:000;2,8820,0
00:02:28:000;2,8880,0
00:02:29:000;2,8940,0
00:02:30:000;2,9000,0
00:02:31:000;2,9060,0
00:02:32:000;2,9120,0
00:02:33:000;2,9180,0
00:02:34:000;2,9240,0
00:02:35:000;2,9300,0
00:02:36:000;2,9360,0
00:02:37:000;2,9420,0
00:02:38:000;2,9480,0
00:02:39:000;2,9540,0
00:02:40:000;2,9600,0
00:02:41:000;2,9660,0
00:02:42:000;2,9720,0
00:02:43:000;2,9780,0
00:02:44:000;2,9840,0
00:02:45:000;2,9900,0
00:02:46:000;2,9960,0
00:02:47:000;2,10020,0
00:02:48:000;2,10080,0;6,10020,0
00:02:49:000;2,10140,0;6,10080,0
00:02:50:000;2,10200,0;6,10140,0
00:02:51:000;2,10260,0;6,10200,0
00:02:52:000;2,10320,0;6,10260,0
00:02:53:000;2,10380,0;6,10320,0
00:02:54:000;2,10440,0;6,10380,0
00:02:55:000;2,10500,0;6,10440,0
00:02:56:000;2,10560,0;6,10500,0
00:02:57:000;2,10620,0;6,10560,0
00:02:58:000;2,10680,0;6,10620,0
00:02:59:000;2,10740,0;6,10680,0
00:03:00:000;2,10800,0;6,10740,0
00:03:01:000;2,10860,0;6,10800,0
00:03:02:000;2,10920,0;6,10860,0
00:03:03:000;2,10980,0;6,10920,0
00:03:04:000;2,11040,0;6,10980,0
00:03:05:000;2,11100,0;6,11040,0
00:03:06:000;2,11160,0;6,11100,0
00:03:07:000;2,11220,0;6,11160,0
00:03:08:000;2,11280,0;6,11220,0
00:03:09:000;2,11340,0;6,11280,0
00:03:10:000;2,11400,0;6,11340,0
00:03:11:000;2,11460,0;6,11400,0
00:03:12:000;2,11520,0;6,11460,0
00:03:13:000;2,11580,0;6,11520,0
00:03:14:000;2,11640,0;6,11580,0
00:03:15:000;2,11700,0;6,11640,0
00:03:16:000;2,11760,0;6,11700,0
00:03:17:000;2,11820,0;6,11760,0
00:03:18:000;2,11880,0;6,11820,0
00:03:19:000;2,11940,0;6,11880,0
00:03:20:000;2,12000,0;6,11940,0
00:03:21:000;2,12060,0;6,12000,0
00:03:22:000;2,12120,0;6,12060,0
00:03:23:000;2,12180,0;6,12120,0
00:03:24:000;2,12240,0;6,12180,0
00:03:25:000;2,12300,0;6,12240,0
00:03:26:000;2,12360,0;6,12300,0
00:03:27:000;2,12420,0;6,12360,0
00:03:28:000;2,12480,0;6,12420,0
00:03:29:000;2,12540,0;6,12480,0
00:03:30:000;2,12600,0;6,12540,0
00:03:31:000;2,12660,0;6,12600,0
00:03:32:000;2,12720,0;6,12660,0
00:03:33:000;2,12780,0;6,12720,0
00:03:34:000;2,12840,0;6,12780,0
00:03:35:000;2,12900,0;6,12840,0
00:03:36:000;2,12960,0;6,12900,0
00:03:37:000;2,13020,0;6,12960,0
00:03:38:000;2,13080,0;6,13020,0
00:03:39:000;2,13140,0;6,13080,0
00:03:40:000;2,13200,0;6,13140,0
00:03:41:000;2,13260,0;6,13200,0
00:03:42:000;2,13320,0;6,13260,0
00:03:43:000;2,13380,0;6,13320,0
00:03:44:000;2,13440,0;6,13380,0
00:03:45:000;2,13500,0;6,13440,0
00:03:46:000;2,13560,0;6,13500,0
00:03:47:000;2,13620,0;6,13560,0
00:03:48:000;2,13680,0;6,13620,0
00:03:49:000;2,13740,0;6,13680,0
00:03:50:000;2,13800,0;6,13740,0
00:03:51:000;2,13860,0;6,13800,0
00:03:52:000;2,13920,0;6,13860,0
00:03:53:000;2,13980,0;6,13920,0
00:03:54:000;2,14040,0;6,13980,0
00:03:55:000;2,14100,0;6,14040,0
00:03:56:000;2,14160,0;6,14100,0;11,5960
00:03:57:000;2,14220,0;6,14160,0;11,5900
00:03:58:000;2,14280,0;6,14220,0;11,5840
00:03:59:000;2,14340,0;6,14280,0;11,5780
00:04:00:000;2,14400,0;6,14340,0;11,5720
00:04:01:000;2,14460,0;6,14400,0;8,0;11,5660
00:04:02:000;2,14520,0;6,14460,0
00:04:03:000;2,14580,0;6,14520,0
00:04:04:000;2,14640,0;6,14580,0
00:04:05:000;2,14700,0;6,14640,0
00:04:06:000;2,14760,0;6,14700,0;8,0
00:04:07:000;2,14820,0;6,14760,0
00:04:08:000;2,14880,0;6,14820,0
00:04:09:000;2,14940,0;6,14880,0
00:04:10:000;2,15000,0;6,14940,0
00:04:11:000;2,15060,0;6,15000,0
00:04:12:000;2,15120,0;6,15060,0
00:04:13:000;2,15180,0;6,15120,0
00:04:14:000;2,15240,0;6,15180,0
00:04:15:000;2,15300,0;6,15240,0
00:04:16:000;2,15360,0;6,15300,0
00:04:17:000;2,15420,0;6,15360,0
00:04:18:000;2,15480,0;6,15420,0
00:04:19:000;2,15540,0;6,15480,0
00:04:20:000;2,15600,0;6,15540,0
00:04:21:000;2,15660,0;6,15600,0
00:04:22:000;2,15720,0;6,15660,0
00:04:23:000;2,15780,0;6,15720,0
00:04:24:000;2,15840,0;6,15780,0
00:04:25:000;2,15900,0;6,15840,0
00:04:26:000;2,15960,0;6,15900,0
00:04:27:000;2,16020,0;6,15960,0
00:04:28:000;2,16080,0;6,16020,0
00:04:29:000;2,16140,0;6,16080,0
00:04:30:000;2,16200,0;6,16140,0
00:04:31:000;2,16260,0;6,16200,0
00:04:32:000;2,16320,0;6,16260,0
00:04:33:000;2,16380,0;6,16320,0
00:04:34:000;2,16440,0;6,16380,0
00:04:35:000;2,16500,0;6,16440,0
00:04:36:000;2,16560,0;6,16500,0
00:04:37:000;2,16620,0;6,16560,0
00:04:38:000;2,16680,0;6,16620,0
00:04:39:000;2,16740,0;6,16680,0
00:04:40:000;2,16800,0;6,16740,0
00:04:41:000;2,16860,0;6,16800,0
00:04:42:000;2,16920,0;6,16860,0;11,3200
00:04:43:000;2,16980,0;6,16920,0;11,3140
00:04:44:000;2,17040,0;6,16980,0;11,3080
00:04:45:000;2,17100,0;6,17040,0;11,3020
00:04:46:000;2,17160,0;6,17100,0;11,2960
00:04:47:000;2,17220,0;6,17160,0;8,0;11,2900
00:04:48:000;2,17280,0;6,17220,0
00:04:49:000;2,17340,0;6,17280,0
00:04:50:000;2,17400,0;6,17340,0
00:04:51:000;2,17460,0;6,17400,0
00:04:52:000;2,17520,0;6,17460,0;8,1
00:04:53:000;6,17520,0